Null message body; hope that's ok
Cellranger pre-run check completed! You are free to go!
Martian Runtime - v4.0.3
Serving UI at http://cypress01-041:53151?auth=8Me9K6kdDxAf5aA1gDytV2-8ZmJNAO3qZLiW10SFTd0

Running preflight checks (please wait)...
Checking sample info...
Checking FASTQ folder...
Checking reference...
Checking reference_path (/lustre/project/wdeng7/deep/CellRangerData/refgenome4cellranger) on cypress01-041...
Checking optional arguments...
mrc: v4.0.3

mrp: v4.0.3

Anaconda: Python 3.7.6

numpy: 1.19.2

scipy: 1.1.0

pysam: 0.16.0.1

h5py: 2.8.0

pandas: 0.24.2

STAR: 2.7.2a

samtools: samtools 1.10
Using htslib 1.10.2
Copyright (C) 2019 Genome Research Ltd.

Alerts for ID.sampleG6F.SC_RNA_COUNTER_CS.CELLRANGER_PREFLIGHT:

    WARNING: This operating system version is unsupported or will soon be unsupported:
        CentOS release 6.5 (Final)

    Future releases of this pipeline will require a more current system.
    For more information, see support.10xgenomics.com/os-support.

Alerts for ID.sampleG6F.SC_RNA_COUNTER_CS.CELLRANGER_PREFLIGHT_LOCAL:

    WARNING: This operating system version is unsupported or will soon be unsupported:
        CentOS release 6.5 (Final)

    Future releases of this pipeline will require a more current system.
    For more information, see support.10xgenomics.com/os-support.

2021-06-13 10:26:25 [runtime] (ready)           ID.sampleG6F.SC_RNA_COUNTER_CS.FULL_COUNT_INPUTS.WRITE_GENE_INDEX
2021-06-13 10:26:25 [runtime] (run:local)       ID.sampleG6F.SC_RNA_COUNTER_CS.FULL_COUNT_INPUTS.WRITE_GENE_INDEX.fork0.chnk0.main
2021-06-13 10:26:25 [runtime] (ready)           ID.sampleG6F.SC_RNA_COUNTER_CS.SC_MULTI_CORE.MAKE_FULL_CONFIG._MAKE_VDJ_CONFIG
2021-06-13 10:26:25 [runtime] (run:local)       ID.sampleG6F.SC_RNA_COUNTER_CS.SC_MULTI_CORE.MAKE_FULL_CONFIG._MAKE_VDJ_CONFIG.fork0.chnk0.main
2021-06-13 10:26:25 [runtime] (ready)           ID.sampleG6F.SC_RNA_COUNTER_CS.SC_MULTI_CORE.MULTI_GEM_WELL_PROCESSOR.COUNT_GEM_WELL_PROCESSOR._BASIC_SC_RNA_COUNTER.DISABLE_BAMS
2021-06-13 10:26:25 [runtime] (run:local)       ID.sampleG6F.SC_RNA_COUNTER_CS.SC_MULTI_CORE.MULTI_GEM_WELL_PROCESSOR.COUNT_GEM_WELL_PROCESSOR._BASIC_SC_RNA_COUNTER.DISABLE_BAMS.fork0.chnk0.main
2021-06-13 10:26:25 [runtime] (ready)           ID.sampleG6F.SC_RNA_COUNTER_CS.SC_MULTI_CORE.SANITIZE_MAP_CALLS
2021-06-13 10:26:25 [runtime] (ready)           ID.sampleG6F.SC_RNA_COUNTER_CS.WRITE_GENE_INDEX
2021-06-13 10:26:25 [runtime] (run:local)       ID.sampleG6F.SC_RNA_COUNTER_CS.WRITE_GENE_INDEX.fork0.chnk0.main
2021-06-13 10:26:25 [runtime] (ready)           ID.sampleG6F.SC_RNA_COUNTER_CS.SC_MULTI_CORE.MULTI_CHEMISTRY_DETECTOR._GEM_WELL_CHEMISTRY_DETECTOR.DETECT_COUNT_CHEMISTRY
2021-06-13 10:26:25 [runtime] (run:local)       ID.sampleG6F.SC_RNA_COUNTER_CS.SC_MULTI_CORE.MULTI_CHEMISTRY_DETECTOR._GEM_WELL_CHEMISTRY_DETECTOR.DETECT_COUNT_CHEMISTRY.fork0.chnk0.main
2021-06-13 10:26:25 [runtime] (chunks_complete) ID.sampleG6F.SC_RNA_COUNTER_CS.SC_MULTI_CORE.MAKE_FULL_CONFIG._MAKE_VDJ_CONFIG
2021-06-13 10:26:25 [runtime] (ready)           ID.sampleG6F.SC_RNA_COUNTER_CS.SC_MULTI_CORE.MULTI_GEM_WELL_PROCESSOR.VDJ_T_GEM_WELL_PROCESSOR.MULTI_SETUP_CHUNKS
2021-06-13 10:26:25 [runtime] (ready)           ID.sampleG6F.SC_RNA_COUNTER_CS.SC_MULTI_CORE.MULTI_GEM_WELL_PROCESSOR.VDJ_B_GEM_WELL_PROCESSOR.MULTI_SETUP_CHUNKS
2021-06-13 10:26:25 [runtime] (ready)           ID.sampleG6F.SC_RNA_COUNTER_CS.SC_MULTI_CORE.MULTI_GEM_WELL_PROCESSOR.VDJ_T_GEM_WELL_PROCESSOR.SC_VDJ_CONTIG_ASSEMBLER.MAKE_SHARD
2021-06-13 10:26:25 [runtime] (ready)           ID.sampleG6F.SC_RNA_COUNTER_CS.SC_MULTI_CORE.MULTI_GEM_WELL_PROCESSOR.VDJ_B_GEM_WELL_PROCESSOR.SC_VDJ_CONTIG_ASSEMBLER.MAKE_SHARD
2021-06-13 10:26:25 [runtime] (ready)           ID.sampleG6F.SC_RNA_COUNTER_CS.SC_MULTI_CORE.MULTI_GEM_WELL_PROCESSOR.VDJ_T_GEM_WELL_PROCESSOR.SC_VDJ_CONTIG_ASSEMBLER.BARCODE_CORRECTION
2021-06-13 10:26:26 [runtime] (ready)           ID.sampleG6F.SC_RNA_COUNTER_CS.SC_MULTI_CORE.MULTI_GEM_WELL_PROCESSOR.VDJ_B_GEM_WELL_PROCESSOR.SC_VDJ_CONTIG_ASSEMBLER.BARCODE_CORRECTION
2021-06-13 10:26:26 [runtime] (ready)           ID.sampleG6F.SC_RNA_COUNTER_CS.SC_MULTI_CORE.MULTI_GEM_WELL_PROCESSOR.VDJ_T_GEM_WELL_PROCESSOR.SC_VDJ_CONTIG_ASSEMBLER.RUST_BRIDGE
2021-06-13 10:26:26 [runtime] (ready)           ID.sampleG6F.SC_RNA_COUNTER_CS.SC_MULTI_CORE.MULTI_GEM_WELL_PROCESSOR.VDJ_T_GEM_WELL_PROCESSOR.SC_VDJ_CONTIG_ASSEMBLER.ASSEMBLE_VDJ
2021-06-13 10:26:26 [runtime] (ready)           ID.sampleG6F.SC_RNA_COUNTER_CS.SC_MULTI_CORE.MULTI_GEM_WELL_PROCESSOR.VDJ_T_GEM_WELL_PROCESSOR.SC_VDJ_CONTIG_ASSEMBLER.MERGE_METRICS
2021-06-13 10:26:26 [runtime] (ready)           ID.sampleG6F.SC_RNA_COUNTER_CS.SC_MULTI_CORE.MULTI_GEM_WELL_PROCESSOR.VDJ_B_GEM_WELL_PROCESSOR.SC_VDJ_CONTIG_ASSEMBLER.RUST_BRIDGE
2021-06-13 10:26:26 [runtime] (ready)           ID.sampleG6F.SC_RNA_COUNTER_CS.SC_MULTI_CORE.MULTI_GEM_WELL_PROCESSOR.VDJ_B_GEM_WELL_PROCESSOR.SC_VDJ_CONTIG_ASSEMBLER.ASSEMBLE_VDJ
2021-06-13 10:26:26 [runtime] (ready)           ID.sampleG6F.SC_RNA_COUNTER_CS.SC_MULTI_CORE.MULTI_GEM_WELL_PROCESSOR.VDJ_B_GEM_WELL_PROCESSOR.SC_VDJ_CONTIG_ASSEMBLER.MERGE_METRICS
2021-06-13 10:26:26 [runtime] (chunks_complete) ID.sampleG6F.SC_RNA_COUNTER_CS.SC_MULTI_CORE.MULTI_GEM_WELL_PROCESSOR.COUNT_GEM_WELL_PROCESSOR._BASIC_SC_RNA_COUNTER.DISABLE_BAMS
2021-06-13 10:26:45 [runtime] (chunks_complete) ID.sampleG6F.SC_RNA_COUNTER_CS.WRITE_GENE_INDEX
2021-06-13 10:26:46 [runtime] (chunks_complete) ID.sampleG6F.SC_RNA_COUNTER_CS.FULL_COUNT_INPUTS.WRITE_GENE_INDEX
2021-06-13 10:26:46 [runtime] (ready)           ID.sampleG6F.SC_RNA_COUNTER_CS.SC_MULTI_CORE.MULTI_GEM_WELL_PROCESSOR.COUNT_GEM_WELL_PROCESSOR.PARSE_TARGET_FEATURES
2021-06-13 10:26:46 [runtime] (run:local)       ID.sampleG6F.SC_RNA_COUNTER_CS.SC_MULTI_CORE.MULTI_GEM_WELL_PROCESSOR.COUNT_GEM_WELL_PROCESSOR.PARSE_TARGET_FEATURES.fork0.chnk0.main
2021-06-13 10:26:51 [runtime] (chunks_complete) ID.sampleG6F.SC_RNA_COUNTER_CS.SC_MULTI_CORE.MULTI_GEM_WELL_PROCESSOR.COUNT_GEM_WELL_PROCESSOR.PARSE_TARGET_FEATURES
2021-06-13 10:28:29 [runtime] (chunks_complete) ID.sampleG6F.SC_RNA_COUNTER_CS.SC_MULTI_CORE.MULTI_CHEMISTRY_DETECTOR._GEM_WELL_CHEMISTRY_DETECTOR.DETECT_COUNT_CHEMISTRY
2021-06-13 10:28:29 [runtime] (ready)           ID.sampleG6F.SC_RNA_COUNTER_CS.SC_MULTI_CORE.MULTI_CHEMISTRY_DETECTOR._GEM_WELL_CHEMISTRY_DETECTOR.CHECK_BARCODES_COMPATIBILITY
2021-06-13 10:28:29 [runtime] (run:local)       ID.sampleG6F.SC_RNA_COUNTER_CS.SC_MULTI_CORE.MULTI_CHEMISTRY_DETECTOR._GEM_WELL_CHEMISTRY_DETECTOR.CHECK_BARCODES_COMPATIBILITY.fork0.chnk0.main
2021-06-13 10:28:29 [runtime] (chunks_complete) ID.sampleG6F.SC_RNA_COUNTER_CS.SC_MULTI_CORE.MULTI_CHEMISTRY_DETECTOR._GEM_WELL_CHEMISTRY_DETECTOR.CHECK_BARCODES_COMPATIBILITY
2021-06-13 10:28:29 [runtime] (ready)           ID.sampleG6F.SC_RNA_COUNTER_CS.SC_MULTI_CORE.MULTI_CHEMISTRY_DETECTOR.COMBINE_GEM_WELL_CHEMISTRIES
2021-06-13 10:28:29 [runtime] (run:local)       ID.sampleG6F.SC_RNA_COUNTER_CS.SC_MULTI_CORE.MULTI_CHEMISTRY_DETECTOR.COMBINE_GEM_WELL_CHEMISTRIES.fork0.chnk0.main
2021-06-13 10:28:29 [runtime] (chunks_complete) ID.sampleG6F.SC_RNA_COUNTER_CS.SC_MULTI_CORE.MULTI_CHEMISTRY_DETECTOR.COMBINE_GEM_WELL_CHEMISTRIES
2021-06-13 10:28:29 [runtime] (ready)           ID.sampleG6F.SC_RNA_COUNTER_CS.SC_MULTI_CORE.SPLIT_VDJ_INPUTS
2021-06-13 10:28:29 [runtime] (ready)           ID.sampleG6F.SC_RNA_COUNTER_CS.SC_MULTI_CORE.MULTI_GEM_WELL_PROCESSOR.COUNT_GEM_WELL_PROCESSOR.MULTI_SETUP_CHUNKS
2021-06-13 10:28:29 [runtime] (run:local)       ID.sampleG6F.SC_RNA_COUNTER_CS.SC_MULTI_CORE.MULTI_GEM_WELL_PROCESSOR.COUNT_GEM_WELL_PROCESSOR.MULTI_SETUP_CHUNKS.fork0.chnk0.main
2021-06-13 10:28:29 [runtime] (chunks_complete) ID.sampleG6F.SC_RNA_COUNTER_CS.SC_MULTI_CORE.MULTI_GEM_WELL_PROCESSOR.COUNT_GEM_WELL_PROCESSOR.MULTI_SETUP_CHUNKS
2021-06-13 10:28:29 [runtime] (ready)           ID.sampleG6F.SC_RNA_COUNTER_CS.SC_MULTI_CORE.MULTI_GEM_WELL_PROCESSOR.COUNT_GEM_WELL_PROCESSOR._BASIC_SC_RNA_COUNTER._MATRIX_COMPUTER.MAKE_SHARD
2021-06-13 10:28:29 [runtime] (run:local)       ID.sampleG6F.SC_RNA_COUNTER_CS.SC_MULTI_CORE.MULTI_GEM_WELL_PROCESSOR.COUNT_GEM_WELL_PROCESSOR._BASIC_SC_RNA_COUNTER._MATRIX_COMPUTER.MAKE_SHARD.fork0.split
2021-06-13 10:28:33 [runtime] (split_complete)  ID.sampleG6F.SC_RNA_COUNTER_CS.SC_MULTI_CORE.MULTI_GEM_WELL_PROCESSOR.COUNT_GEM_WELL_PROCESSOR._BASIC_SC_RNA_COUNTER._MATRIX_COMPUTER.MAKE_SHARD
2021-06-13 10:28:33 [runtime] (run:local)       ID.sampleG6F.SC_RNA_COUNTER_CS.SC_MULTI_CORE.MULTI_GEM_WELL_PROCESSOR.COUNT_GEM_WELL_PROCESSOR._BASIC_SC_RNA_COUNTER._MATRIX_COMPUTER.MAKE_SHARD.fork0.chnk0.main
2021-06-13 10:28:33 [runtime] (run:local)       ID.sampleG6F.SC_RNA_COUNTER_CS.SC_MULTI_CORE.MULTI_GEM_WELL_PROCESSOR.COUNT_GEM_WELL_PROCESSOR._BASIC_SC_RNA_COUNTER._MATRIX_COMPUTER.MAKE_SHARD.fork0.chnk1.main
2021-06-13 10:28:33 [runtime] (run:local)       ID.sampleG6F.SC_RNA_COUNTER_CS.SC_MULTI_CORE.MULTI_GEM_WELL_PROCESSOR.COUNT_GEM_WELL_PROCESSOR._BASIC_SC_RNA_COUNTER._MATRIX_COMPUTER.MAKE_SHARD.fork0.chnk2.main
2021-06-13 10:28:33 [runtime] (run:local)       ID.sampleG6F.SC_RNA_COUNTER_CS.SC_MULTI_CORE.MULTI_GEM_WELL_PROCESSOR.COUNT_GEM_WELL_PROCESSOR._BASIC_SC_RNA_COUNTER._MATRIX_COMPUTER.MAKE_SHARD.fork0.chnk3.main
2021-06-13 10:28:33 [runtime] (run:local)       ID.sampleG6F.SC_RNA_COUNTER_CS.SC_MULTI_CORE.MULTI_GEM_WELL_PROCESSOR.COUNT_GEM_WELL_PROCESSOR._BASIC_SC_RNA_COUNTER._MATRIX_COMPUTER.MAKE_SHARD.fork0.chnk4.main
2021-06-13 10:28:33 [runtime] (run:local)       ID.sampleG6F.SC_RNA_COUNTER_CS.SC_MULTI_CORE.MULTI_GEM_WELL_PROCESSOR.COUNT_GEM_WELL_PROCESSOR._BASIC_SC_RNA_COUNTER._MATRIX_COMPUTER.MAKE_SHARD.fork0.chnk5.main
2021-06-13 10:28:33 [runtime] (run:local)       ID.sampleG6F.SC_RNA_COUNTER_CS.SC_MULTI_CORE.MULTI_GEM_WELL_PROCESSOR.COUNT_GEM_WELL_PROCESSOR._BASIC_SC_RNA_COUNTER._MATRIX_COMPUTER.MAKE_SHARD.fork0.chnk6.main
2021-06-13 10:28:33 [runtime] (run:local)       ID.sampleG6F.SC_RNA_COUNTER_CS.SC_MULTI_CORE.MULTI_GEM_WELL_PROCESSOR.COUNT_GEM_WELL_PROCESSOR._BASIC_SC_RNA_COUNTER._MATRIX_COMPUTER.MAKE_SHARD.fork0.chnk7.main
